2019-08-13 16:02:05 [main] INFO  c.s.k.ReminderServiceApplication -
				Starting ReminderServiceApplication on PC453270 with PID 16616 (C:\Users\746983\Desktop\Keepnote\keepnote-step7-ui-api-integration\KeepNote-Step7-API\ReminderService\target\classes started by 746983 in C:\Users\746983\Desktop\Keepnote\keepnote-step7-ui-api-integration\KeepNote-Step7-API\ReminderService)
2019-08-13 16:02:05 [main] DEBUG c.s.k.ReminderServiceApplication -
				Running with Spring Boot v2.0.2.RELEASE, Spring v5.0.6.RELEASE
2019-08-13 16:02:05 [main] INFO  c.s.k.ReminderServiceApplication -
				No active profile set, falling back to default profiles: default
2019-08-13 16:02:05 [main] INFO  o.s.b.w.s.c.AnnotationConfigServletWebServerApplicationContext -
				Refreshing org.springframework.boot.web.servlet.context.AnnotationConfigServletWebServerApplicationContext@5c33f1a9: startup date [Tue Aug 13 16:02:05 IST 2019]; root of context hierarchy
2019-08-13 16:02:09 [main] INFO  o.s.b.w.e.tomcat.TomcatWebServer -
				Tomcat initialized with port(s): 8085 (http)
2019-08-13 16:02:09 [main] INFO  o.a.coyote.http11.Http11NioProtocol -
				Initializing ProtocolHandler ["http-nio-8085"]
2019-08-13 16:02:09 [main] INFO  o.a.catalina.core.StandardService -
				Starting service [Tomcat]
2019-08-13 16:02:09 [main] INFO  o.a.catalina.core.StandardEngine -
				Starting Servlet Engine: Apache Tomcat/8.5.31
2019-08-13 16:02:09 [localhost-startStop-1] INFO  o.a.c.core.AprLifecycleListener -
				The APR based Apache Tomcat Native library which allows optimal performance in production environments was not found on the java.library.path: [C:\Program Files\Java\jre1.8.0_112\bin;C:\WINDOWS\Sun\Java\bin;C:\WINDOWS\system32;C:\WINDOWS;C:/Program Files/Java/jre1.8.0_112/bin/server;C:/Program Files/Java/jre1.8.0_112/bin;C:/Program Files/Java/jre1.8.0_112/lib/amd64;C:\ProgramData\DockerDesktop\version-bin;C:\Program Files\Docker\Docker\Resources\bin;C:\ProgramData\Oracle\Java\javapath;C:\WINDOWS\system32;C:\WINDOWS;C:\WINDOWS\System32\Wbem;C:\WINDOWS\System32\WindowsPowerShell\v1.0\;C:\Program Files\nodejs\;C:\Users\746983\AppData\Local\Microsoft\WindowsApps;C:\Users\746983\AppData\Local\Programs\Git\cmd;C:\Users\746983\AppData\Local\Programs\Microsoft VS Code\bin;C:\Users\746983\Desktop\spring-tool-suite-3.9.7.RELEASE-e4.10.0-win32-x86_64\sts-bundle\sts-3.9.7.RELEASE;;.]
2019-08-13 16:02:09 [localhost-startStop-1] INFO  o.a.c.c.C.[Tomcat].[localhost].[/] -
				Initializing Spring embedded WebApplicationContext
2019-08-13 16:02:09 [localhost-startStop-1] INFO  o.s.web.context.ContextLoader -
				Root WebApplicationContext: initialization completed in 4264 ms
2019-08-13 16:02:09 [localhost-startStop-1] INFO  o.s.b.w.s.FilterRegistrationBean -
				Mapping filter: 'characterEncodingFilter' to: [/*]
2019-08-13 16:02:09 [localhost-startStop-1] INFO  o.s.b.w.s.FilterRegistrationBean -
				Mapping filter: 'hiddenHttpMethodFilter' to: [/*]
2019-08-13 16:02:09 [localhost-startStop-1] INFO  o.s.b.w.s.FilterRegistrationBean -
				Mapping filter: 'httpPutFormContentFilter' to: [/*]
2019-08-13 16:02:09 [localhost-startStop-1] INFO  o.s.b.w.s.FilterRegistrationBean -
				Mapping filter: 'requestContextFilter' to: [/*]
2019-08-13 16:02:09 [localhost-startStop-1] INFO  o.s.b.w.s.FilterRegistrationBean -
				Mapping filter: 'jwtFilter' to urls: [/api/v1/*]
2019-08-13 16:02:09 [localhost-startStop-1] INFO  o.s.b.w.s.ServletRegistrationBean -
				Servlet dispatcherServlet mapped to [/]
2019-08-13 16:02:10 [localhost-startStop-1] DEBUG c.s.keepnote.jwtfilter.JwtFilter -
				Initializing filter 'jwtFilter'
2019-08-13 16:02:10 [localhost-startStop-1] DEBUG c.s.keepnote.jwtfilter.JwtFilter -
				Filter 'jwtFilter' configured successfully
2019-08-13 16:02:11 [main] INFO  org.mongodb.driver.cluster -
				Cluster created with settings {hosts=[localhost:27017], mode=MULTIPLE, requiredClusterType=UNKNOWN, serverSelectionTimeout='30000 ms', maxWaitQueueSize=500}
2019-08-13 16:02:11 [main] INFO  org.mongodb.driver.cluster -
				Adding discovered server localhost:27017 to client view of cluster
2019-08-13 16:02:11 [cluster-ClusterId{value='5d5291abb11bbd40e80f119f', description='null'}-localhost:27017] INFO  org.mongodb.driver.connection -
				Opened connection [connectionId{localValue:1, serverValue:19}] to localhost:27017
2019-08-13 16:02:11 [cluster-ClusterId{value='5d5291abb11bbd40e80f119f', description='null'}-localhost:27017] INFO  org.mongodb.driver.cluster -
				Monitor thread successfully connected to server with description ServerDescription{address=localhost:27017, type=STANDALONE, state=CONNECTED, ok=true, version=ServerVersion{versionList=[4, 0, 12]}, minWireVersion=0, maxWireVersion=7, maxDocumentSize=16777216, logicalSessionTimeoutMinutes=30, roundTripTimeNanos=1975289}
2019-08-13 16:02:11 [cluster-ClusterId{value='5d5291abb11bbd40e80f119f', description='null'}-localhost:27017] INFO  org.mongodb.driver.cluster -
				Discovered cluster type of STANDALONE
2019-08-13 16:02:12 [main] INFO  o.s.w.s.m.m.a.RequestMappingHandlerMapping -
				Mapped "{[/reminder-service/api/v1/reminder],methods=[POST]}" onto public org.springframework.http.ResponseEntity<?> com.stackroute.keepnote.controller.ReminderController.createReminder(com.stackroute.keepnote.model.Reminder)
2019-08-13 16:02:12 [main] INFO  o.s.w.s.m.m.a.RequestMappingHandlerMapping -
				Mapped "{[/reminder-service/api/v1/reminder/{userId}/{id}],methods=[DELETE]}" onto public org.springframework.http.ResponseEntity<?> com.stackroute.keepnote.controller.ReminderController.deleteReminder(java.lang.String,java.lang.String)
2019-08-13 16:02:12 [main] INFO  o.s.w.s.m.m.a.RequestMappingHandlerMapping -
				Mapped "{[/reminder-service/api/v1/reminder/{userId}/{id}],methods=[GET]}" onto public org.springframework.http.ResponseEntity<?> com.stackroute.keepnote.controller.ReminderController.getReminderById(java.lang.String,java.lang.String)
2019-08-13 16:02:12 [main] INFO  o.s.w.s.m.m.a.RequestMappingHandlerMapping -
				Mapped "{[/reminder-service/api/v1/reminder],methods=[GET]}" onto public java.lang.String com.stackroute.keepnote.controller.ReminderController.swaggerUi()
2019-08-13 16:02:12 [main] INFO  o.s.w.s.m.m.a.RequestMappingHandlerMapping -
				Mapped "{[/reminder-service/api/v1/reminder/{userId}/{id}],methods=[PUT]}" onto public org.springframework.http.ResponseEntity<?> com.stackroute.keepnote.controller.ReminderController.updateReminder(com.stackroute.keepnote.model.Reminder,java.lang.String,java.lang.String)
2019-08-13 16:02:12 [main] INFO  o.s.w.s.m.m.a.RequestMappingHandlerMapping -
				Mapped "{[/reminder-service/api/v1/reminder/{userId}],methods=[GET]}" onto public org.springframework.http.ResponseEntity<?> com.stackroute.keepnote.controller.ReminderController.getAllReminders(java.lang.String)
2019-08-13 16:02:12 [main] INFO  o.s.w.s.m.m.a.RequestMappingHandlerMapping -
				Mapped "{[/swagger-resources/configuration/ui]}" onto public org.springframework.http.ResponseEntity<springfox.documentation.swagger.web.UiConfiguration> springfox.documentation.swagger.web.ApiResourceController.uiConfiguration()
2019-08-13 16:02:12 [main] INFO  o.s.w.s.m.m.a.RequestMappingHandlerMapping -
				Mapped "{[/swagger-resources]}" onto public org.springframework.http.ResponseEntity<java.util.List<springfox.documentation.swagger.web.SwaggerResource>> springfox.documentation.swagger.web.ApiResourceController.swaggerResources()
2019-08-13 16:02:12 [main] INFO  o.s.w.s.m.m.a.RequestMappingHandlerMapping -
				Mapped "{[/swagger-resources/configuration/security]}" onto public org.springframework.http.ResponseEntity<springfox.documentation.swagger.web.SecurityConfiguration> springfox.documentation.swagger.web.ApiResourceController.securityConfiguration()
2019-08-13 16:02:12 [main] INFO  o.s.w.s.m.m.a.RequestMappingHandlerMapping -
				Mapped "{[/error]}" onto public org.springframework.http.ResponseEntity<java.util.Map<java.lang.String, java.lang.Object>> org.springframework.boot.autoconfigure.web.servlet.error.BasicErrorController.error(javax.servlet.http.HttpServletRequest)
2019-08-13 16:02:12 [main] INFO  o.s.w.s.m.m.a.RequestMappingHandlerMapping -
				Mapped "{[/error],produces=[text/html]}" onto public org.springframework.web.servlet.ModelAndView org.springframework.boot.autoconfigure.web.servlet.error.BasicErrorController.errorHtml(javax.servlet.http.HttpServletRequest,javax.servlet.http.HttpServletResponse)
2019-08-13 16:02:12 [main] INFO  s.d.s.w.PropertySourcedRequestMappingHandlerMapping -
				Mapped URL path [/v2/api-docs] onto method [public org.springframework.http.ResponseEntity<springfox.documentation.spring.web.json.Json> springfox.documentation.swagger2.web.Swagger2Controller.getDocumentation(java.lang.String,javax.servlet.http.HttpServletRequest)]
2019-08-13 16:02:12 [main] INFO  o.s.w.s.h.SimpleUrlHandlerMapping -
				Mapped URL path [/**/favicon.ico] onto handler of type [class org.springframework.web.servlet.resource.ResourceHttpRequestHandler]
2019-08-13 16:02:14 [main] INFO  o.s.w.s.m.m.a.RequestMappingHandlerAdapter -
				Looking for @ControllerAdvice: org.springframework.boot.web.servlet.context.AnnotationConfigServletWebServerApplicationContext@5c33f1a9: startup date [Tue Aug 13 16:02:05 IST 2019]; root of context hierarchy
2019-08-13 16:02:14 [main] INFO  o.s.w.s.h.SimpleUrlHandlerMapping -
				Mapped URL path [/webjars/**] onto handler of type [class org.springframework.web.servlet.resource.ResourceHttpRequestHandler]
2019-08-13 16:02:14 [main] INFO  o.s.w.s.h.SimpleUrlHandlerMapping -
				Mapped URL path [/**] onto handler of type [class org.springframework.web.servlet.resource.ResourceHttpRequestHandler]
2019-08-13 16:02:14 [main] INFO  o.s.j.e.a.AnnotationMBeanExporter -
				Registering beans for JMX exposure on startup
2019-08-13 16:02:14 [main] INFO  o.s.c.s.DefaultLifecycleProcessor -
				Starting beans in phase 2147483647
2019-08-13 16:02:14 [main] INFO  s.d.s.w.p.DocumentationPluginsBootstrapper -
				Context refreshed
2019-08-13 16:02:14 [main] INFO  s.d.s.w.p.DocumentationPluginsBootstrapper -
				Found 1 custom documentation plugin(s)
2019-08-13 16:02:15 [main] INFO  s.d.s.w.s.ApiListingReferenceScanner -
				Scanning for api listing references
2019-08-13 16:02:15 [main] INFO  o.a.coyote.http11.Http11NioProtocol -
				Starting ProtocolHandler ["http-nio-8085"]
2019-08-13 16:02:15 [main] INFO  o.a.tomcat.util.net.NioSelectorPool -
				Using a shared selector for servlet write/read
2019-08-13 16:02:15 [main] INFO  o.s.b.w.e.tomcat.TomcatWebServer -
				Tomcat started on port(s): 8085 (http) with context path ''
2019-08-13 16:02:15 [main] INFO  c.s.k.ReminderServiceApplication -
				Started ReminderServiceApplication in 11.277 seconds (JVM running for 17.245)
2019-08-13 16:37:19 [http-nio-8085-exec-6] INFO  o.a.c.c.C.[Tomcat].[localhost].[/] -
				Initializing Spring FrameworkServlet 'dispatcherServlet'
2019-08-13 16:37:19 [http-nio-8085-exec-6] INFO  o.s.web.servlet.DispatcherServlet -
				FrameworkServlet 'dispatcherServlet': initialization started
2019-08-13 16:37:22 [http-nio-8085-exec-6] INFO  o.s.web.servlet.DispatcherServlet -
				FrameworkServlet 'dispatcherServlet': initialization completed in 2418 ms
2019-08-13 16:37:25 [http-nio-8085-exec-6] INFO  c.s.keepnote.aspectj.LoggingAspect -
				************Reminder Aspect @Before ************
2019-08-13 16:37:25 [http-nio-8085-exec-1] INFO  c.s.keepnote.aspectj.LoggingAspect -
				************Reminder Aspect @Before ************
2019-08-13 16:37:25 [http-nio-8085-exec-5] INFO  c.s.keepnote.aspectj.LoggingAspect -
				************Reminder Aspect @Before ************
2019-08-13 16:37:25 [http-nio-8085-exec-3] INFO  c.s.keepnote.aspectj.LoggingAspect -
				************Reminder Aspect @Before ************
2019-08-13 16:37:25 [http-nio-8085-exec-4] INFO  c.s.keepnote.aspectj.LoggingAspect -
				************Reminder Aspect @Before ************
2019-08-13 16:37:25 [http-nio-8085-exec-2] INFO  c.s.keepnote.aspectj.LoggingAspect -
				************Reminder Aspect @Before ************
2019-08-13 16:37:25 [http-nio-8085-exec-6] DEBUG c.s.keepnote.aspectj.LoggingAspect -
				Method Name : getAllReminders
2019-08-13 16:37:25 [http-nio-8085-exec-1] DEBUG c.s.keepnote.aspectj.LoggingAspect -
				Method Name : getAllReminders
2019-08-13 16:37:25 [http-nio-8085-exec-4] DEBUG c.s.keepnote.aspectj.LoggingAspect -
				Method Name : getAllReminders
2019-08-13 16:37:25 [http-nio-8085-exec-6] DEBUG c.s.keepnote.aspectj.LoggingAspect -
				Method Args : [svnspradeepkumar@gmail.com]
2019-08-13 16:37:25 [http-nio-8085-exec-2] DEBUG c.s.keepnote.aspectj.LoggingAspect -
				Method Name : getAllReminders
2019-08-13 16:37:25 [http-nio-8085-exec-4] DEBUG c.s.keepnote.aspectj.LoggingAspect -
				Method Args : [svnspradeepkumar@gmail.com]
2019-08-13 16:37:25 [http-nio-8085-exec-5] DEBUG c.s.keepnote.aspectj.LoggingAspect -
				Method Name : getAllReminders
2019-08-13 16:37:25 [http-nio-8085-exec-6] INFO  c.s.keepnote.aspectj.LoggingAspect -
				*********************************
2019-08-13 16:37:25 [http-nio-8085-exec-3] DEBUG c.s.keepnote.aspectj.LoggingAspect -
				Method Name : getAllReminders
2019-08-13 16:37:25 [http-nio-8085-exec-1] DEBUG c.s.keepnote.aspectj.LoggingAspect -
				Method Args : [svnspradeepkumar@gmail.com]
2019-08-13 16:37:25 [http-nio-8085-exec-2] DEBUG c.s.keepnote.aspectj.LoggingAspect -
				Method Args : [svnspradeepkumar@gmail.com]
2019-08-13 16:37:25 [http-nio-8085-exec-1] INFO  c.s.keepnote.aspectj.LoggingAspect -
				*********************************
2019-08-13 16:37:25 [http-nio-8085-exec-4] INFO  c.s.keepnote.aspectj.LoggingAspect -
				*********************************
2019-08-13 16:37:25 [http-nio-8085-exec-5] DEBUG c.s.keepnote.aspectj.LoggingAspect -
				Method Args : [svnspradeepkumar@gmail.com]
2019-08-13 16:37:25 [http-nio-8085-exec-3] DEBUG c.s.keepnote.aspectj.LoggingAspect -
				Method Args : [svnspradeepkumar@gmail.com]
2019-08-13 16:37:25 [http-nio-8085-exec-5] INFO  c.s.keepnote.aspectj.LoggingAspect -
				*********************************
2019-08-13 16:37:25 [http-nio-8085-exec-2] INFO  c.s.keepnote.aspectj.LoggingAspect -
				*********************************
2019-08-13 16:37:25 [http-nio-8085-exec-3] INFO  c.s.keepnote.aspectj.LoggingAspect -
				*********************************
2019-08-13 16:37:26 [http-nio-8085-exec-5] INFO  c.s.k.controller.ReminderController -
				getAllReminders : STARTED
2019-08-13 16:37:26 [http-nio-8085-exec-1] INFO  c.s.k.controller.ReminderController -
				getAllReminders : STARTED
2019-08-13 16:37:26 [http-nio-8085-exec-4] INFO  c.s.k.controller.ReminderController -
				getAllReminders : STARTED
2019-08-13 16:37:26 [http-nio-8085-exec-6] INFO  c.s.k.controller.ReminderController -
				getAllReminders : STARTED
2019-08-13 16:37:26 [http-nio-8085-exec-2] INFO  c.s.k.controller.ReminderController -
				getAllReminders : STARTED
2019-08-13 16:37:26 [http-nio-8085-exec-3] INFO  c.s.k.controller.ReminderController -
				getAllReminders : STARTED
2019-08-13 16:37:29 [http-nio-8085-exec-2] INFO  org.mongodb.driver.connection -
				Opened connection [connectionId{localValue:5, serverValue:97}] to localhost:27017
2019-08-13 16:37:29 [http-nio-8085-exec-2] INFO  c.s.keepnote.aspectj.LoggingAspect -
				************Reminder Aspect @After ************
2019-08-13 16:37:29 [http-nio-8085-exec-2] DEBUG c.s.keepnote.aspectj.LoggingAspect -
				Method Name : getAllReminders
2019-08-13 16:37:29 [http-nio-8085-exec-2] DEBUG c.s.keepnote.aspectj.LoggingAspect -
				Method Args : [svnspradeepkumar@gmail.com]
2019-08-13 16:37:29 [http-nio-8085-exec-2] INFO  c.s.keepnote.aspectj.LoggingAspect -
				*********************************
2019-08-13 16:37:29 [http-nio-8085-exec-2] INFO  c.s.keepnote.aspectj.LoggingAspect -
				************Reminder Aspect @AfterReturning ************
2019-08-13 16:37:29 [http-nio-8085-exec-2] DEBUG c.s.keepnote.aspectj.LoggingAspect -
				Method Name : getAllReminders
2019-08-13 16:37:29 [http-nio-8085-exec-2] DEBUG c.s.keepnote.aspectj.LoggingAspect -
				Method arguments : [svnspradeepkumar@gmail.com]
2019-08-13 16:37:29 [http-nio-8085-exec-2] DEBUG c.s.keepnote.aspectj.LoggingAspect -
				Return Value: <200 OK,[],{}>
2019-08-13 16:37:29 [http-nio-8085-exec-2] INFO  c.s.keepnote.aspectj.LoggingAspect -
				*****************************************
2019-08-13 16:37:29 [http-nio-8085-exec-5] INFO  org.mongodb.driver.connection -
				Opened connection [connectionId{localValue:2, serverValue:98}] to localhost:27017
2019-08-13 16:37:29 [http-nio-8085-exec-5] INFO  c.s.keepnote.aspectj.LoggingAspect -
				************Reminder Aspect @After ************
2019-08-13 16:37:29 [http-nio-8085-exec-5] DEBUG c.s.keepnote.aspectj.LoggingAspect -
				Method Name : getAllReminders
2019-08-13 16:37:29 [http-nio-8085-exec-5] DEBUG c.s.keepnote.aspectj.LoggingAspect -
				Method Args : [svnspradeepkumar@gmail.com]
2019-08-13 16:37:29 [http-nio-8085-exec-5] INFO  c.s.keepnote.aspectj.LoggingAspect -
				*********************************
2019-08-13 16:37:29 [http-nio-8085-exec-5] INFO  c.s.keepnote.aspectj.LoggingAspect -
				************Reminder Aspect @AfterReturning ************
2019-08-13 16:37:29 [http-nio-8085-exec-5] DEBUG c.s.keepnote.aspectj.LoggingAspect -
				Method Name : getAllReminders
2019-08-13 16:37:29 [http-nio-8085-exec-5] DEBUG c.s.keepnote.aspectj.LoggingAspect -
				Method arguments : [svnspradeepkumar@gmail.com]
2019-08-13 16:37:29 [http-nio-8085-exec-5] DEBUG c.s.keepnote.aspectj.LoggingAspect -
				Return Value: <200 OK,[],{}>
2019-08-13 16:37:29 [http-nio-8085-exec-5] INFO  c.s.keepnote.aspectj.LoggingAspect -
				*****************************************
2019-08-13 16:37:29 [http-nio-8085-exec-4] INFO  org.mongodb.driver.connection -
				Opened connection [connectionId{localValue:3, serverValue:99}] to localhost:27017
2019-08-13 16:37:29 [http-nio-8085-exec-3] INFO  org.mongodb.driver.connection -
				Opened connection [connectionId{localValue:7, serverValue:100}] to localhost:27017
2019-08-13 16:37:29 [http-nio-8085-exec-6] INFO  org.mongodb.driver.connection -
				Opened connection [connectionId{localValue:6, serverValue:101}] to localhost:27017
2019-08-13 16:37:29 [http-nio-8085-exec-4] INFO  c.s.keepnote.aspectj.LoggingAspect -
				************Reminder Aspect @After ************
2019-08-13 16:37:29 [http-nio-8085-exec-4] DEBUG c.s.keepnote.aspectj.LoggingAspect -
				Method Name : getAllReminders
2019-08-13 16:37:29 [http-nio-8085-exec-3] INFO  c.s.keepnote.aspectj.LoggingAspect -
				************Reminder Aspect @After ************
2019-08-13 16:37:29 [http-nio-8085-exec-4] DEBUG c.s.keepnote.aspectj.LoggingAspect -
				Method Args : [svnspradeepkumar@gmail.com]
2019-08-13 16:37:29 [http-nio-8085-exec-3] DEBUG c.s.keepnote.aspectj.LoggingAspect -
				Method Name : getAllReminders
2019-08-13 16:37:29 [http-nio-8085-exec-4] INFO  c.s.keepnote.aspectj.LoggingAspect -
				*********************************
2019-08-13 16:37:29 [http-nio-8085-exec-3] DEBUG c.s.keepnote.aspectj.LoggingAspect -
				Method Args : [svnspradeepkumar@gmail.com]
2019-08-13 16:37:29 [http-nio-8085-exec-4] INFO  c.s.keepnote.aspectj.LoggingAspect -
				************Reminder Aspect @AfterReturning ************
2019-08-13 16:37:29 [http-nio-8085-exec-4] DEBUG c.s.keepnote.aspectj.LoggingAspect -
				Method Name : getAllReminders
2019-08-13 16:37:29 [http-nio-8085-exec-3] INFO  c.s.keepnote.aspectj.LoggingAspect -
				*********************************
2019-08-13 16:37:29 [http-nio-8085-exec-6] INFO  c.s.keepnote.aspectj.LoggingAspect -
				************Reminder Aspect @After ************
2019-08-13 16:37:29 [http-nio-8085-exec-4] DEBUG c.s.keepnote.aspectj.LoggingAspect -
				Method arguments : [svnspradeepkumar@gmail.com]
2019-08-13 16:37:29 [http-nio-8085-exec-6] DEBUG c.s.keepnote.aspectj.LoggingAspect -
				Method Name : getAllReminders
2019-08-13 16:37:29 [http-nio-8085-exec-3] INFO  c.s.keepnote.aspectj.LoggingAspect -
				************Reminder Aspect @AfterReturning ************
2019-08-13 16:37:29 [http-nio-8085-exec-6] DEBUG c.s.keepnote.aspectj.LoggingAspect -
				Method Args : [svnspradeepkumar@gmail.com]
2019-08-13 16:37:29 [http-nio-8085-exec-3] DEBUG c.s.keepnote.aspectj.LoggingAspect -
				Method Name : getAllReminders
2019-08-13 16:37:29 [http-nio-8085-exec-3] DEBUG c.s.keepnote.aspectj.LoggingAspect -
				Method arguments : [svnspradeepkumar@gmail.com]
2019-08-13 16:37:29 [http-nio-8085-exec-6] INFO  c.s.keepnote.aspectj.LoggingAspect -
				*********************************
2019-08-13 16:37:29 [http-nio-8085-exec-4] DEBUG c.s.keepnote.aspectj.LoggingAspect -
				Return Value: <200 OK,[],{}>
2019-08-13 16:37:29 [http-nio-8085-exec-6] INFO  c.s.keepnote.aspectj.LoggingAspect -
				************Reminder Aspect @AfterReturning ************
2019-08-13 16:37:29 [http-nio-8085-exec-3] DEBUG c.s.keepnote.aspectj.LoggingAspect -
				Return Value: <200 OK,[],{}>
2019-08-13 16:37:29 [http-nio-8085-exec-4] INFO  c.s.keepnote.aspectj.LoggingAspect -
				*****************************************
2019-08-13 16:37:29 [http-nio-8085-exec-3] INFO  c.s.keepnote.aspectj.LoggingAspect -
				*****************************************
2019-08-13 16:37:29 [http-nio-8085-exec-6] DEBUG c.s.keepnote.aspectj.LoggingAspect -
				Method Name : getAllReminders
2019-08-13 16:37:29 [http-nio-8085-exec-6] DEBUG c.s.keepnote.aspectj.LoggingAspect -
				Method arguments : [svnspradeepkumar@gmail.com]
2019-08-13 16:37:29 [http-nio-8085-exec-6] DEBUG c.s.keepnote.aspectj.LoggingAspect -
				Return Value: <200 OK,[],{}>
2019-08-13 16:37:29 [http-nio-8085-exec-6] INFO  c.s.keepnote.aspectj.LoggingAspect -
				*****************************************
2019-08-13 16:37:29 [http-nio-8085-exec-1] INFO  org.mongodb.driver.connection -
				Opened connection [connectionId{localValue:4, serverValue:102}] to localhost:27017
2019-08-13 16:37:29 [http-nio-8085-exec-1] INFO  c.s.keepnote.aspectj.LoggingAspect -
				************Reminder Aspect @After ************
2019-08-13 16:37:29 [http-nio-8085-exec-1] DEBUG c.s.keepnote.aspectj.LoggingAspect -
				Method Name : getAllReminders
2019-08-13 16:37:29 [http-nio-8085-exec-1] DEBUG c.s.keepnote.aspectj.LoggingAspect -
				Method Args : [svnspradeepkumar@gmail.com]
2019-08-13 16:37:29 [http-nio-8085-exec-1] INFO  c.s.keepnote.aspectj.LoggingAspect -
				*********************************
2019-08-13 16:37:29 [http-nio-8085-exec-1] INFO  c.s.keepnote.aspectj.LoggingAspect -
				************Reminder Aspect @AfterReturning ************
2019-08-13 16:37:29 [http-nio-8085-exec-1] DEBUG c.s.keepnote.aspectj.LoggingAspect -
				Method Name : getAllReminders
2019-08-13 16:37:29 [http-nio-8085-exec-1] DEBUG c.s.keepnote.aspectj.LoggingAspect -
				Method arguments : [svnspradeepkumar@gmail.com]
2019-08-13 16:37:29 [http-nio-8085-exec-1] DEBUG c.s.keepnote.aspectj.LoggingAspect -
				Return Value: <200 OK,[],{}>
2019-08-13 16:37:29 [http-nio-8085-exec-1] INFO  c.s.keepnote.aspectj.LoggingAspect -
				*****************************************
2019-08-13 16:38:39 [http-nio-8085-exec-5] INFO  c.s.keepnote.aspectj.LoggingAspect -
				************Reminder Aspect @Before ************
2019-08-13 16:38:39 [http-nio-8085-exec-5] DEBUG c.s.keepnote.aspectj.LoggingAspect -
				Method Name : createReminder
2019-08-13 16:38:39 [http-nio-8085-exec-5] DEBUG c.s.keepnote.aspectj.LoggingAspect -
				Method Args : [Reminder{reminderId='1114168.3049749497', reminderName='tomorrow', reminderDescription='remind me', reminderType='urgent', reminderCreatedBy='svnspradeepkumar@gmail.com', reminderCreationDate=null}]
2019-08-13 16:38:39 [http-nio-8085-exec-5] INFO  c.s.keepnote.aspectj.LoggingAspect -
				*********************************
2019-08-13 16:38:39 [http-nio-8085-exec-5] INFO  c.s.k.controller.ReminderController -
				createReminder : STARTED
2019-08-13 16:38:39 [http-nio-8085-exec-5] INFO  c.s.keepnote.aspectj.LoggingAspect -
				************Reminder Aspect @After ************
2019-08-13 16:38:39 [http-nio-8085-exec-5] DEBUG c.s.keepnote.aspectj.LoggingAspect -
				Method Name : createReminder
2019-08-13 16:38:39 [http-nio-8085-exec-5] DEBUG c.s.keepnote.aspectj.LoggingAspect -
				Method Args : [Reminder{reminderId='1114168.3049749497', reminderName='tomorrow', reminderDescription='remind me', reminderType='urgent', reminderCreatedBy='svnspradeepkumar@gmail.com', reminderCreationDate=Tue Aug 13 16:38:39 IST 2019}]
2019-08-13 16:38:39 [http-nio-8085-exec-5] INFO  c.s.keepnote.aspectj.LoggingAspect -
				*********************************
2019-08-13 16:38:39 [http-nio-8085-exec-5] INFO  c.s.keepnote.aspectj.LoggingAspect -
				************Reminder Aspect @AfterReturning ************
2019-08-13 16:38:39 [http-nio-8085-exec-5] DEBUG c.s.keepnote.aspectj.LoggingAspect -
				Method Name : createReminder
2019-08-13 16:38:39 [http-nio-8085-exec-5] DEBUG c.s.keepnote.aspectj.LoggingAspect -
				Method arguments : [Reminder{reminderId='1114168.3049749497', reminderName='tomorrow', reminderDescription='remind me', reminderType='urgent', reminderCreatedBy='svnspradeepkumar@gmail.com', reminderCreationDate=Tue Aug 13 16:38:39 IST 2019}]
2019-08-13 16:38:39 [http-nio-8085-exec-5] DEBUG c.s.keepnote.aspectj.LoggingAspect -
				Return Value: <201 Created,Reminder{reminderId='1114168.3049749497', reminderName='tomorrow', reminderDescription='remind me', reminderType='urgent', reminderCreatedBy='svnspradeepkumar@gmail.com', reminderCreationDate=Tue Aug 13 16:38:39 IST 2019},{}>
2019-08-13 16:38:39 [http-nio-8085-exec-5] INFO  c.s.keepnote.aspectj.LoggingAspect -
				*****************************************
2019-08-13 16:40:37 [http-nio-8085-exec-6] INFO  c.s.keepnote.aspectj.LoggingAspect -
				************Reminder Aspect @Before ************
2019-08-13 16:40:37 [http-nio-8085-exec-6] DEBUG c.s.keepnote.aspectj.LoggingAspect -
				Method Name : getAllReminders
2019-08-13 16:40:37 [http-nio-8085-exec-6] DEBUG c.s.keepnote.aspectj.LoggingAspect -
				Method Args : [svnspradeepkumar@gmail.com]
2019-08-13 16:40:37 [http-nio-8085-exec-6] INFO  c.s.keepnote.aspectj.LoggingAspect -
				*********************************
2019-08-13 16:40:37 [http-nio-8085-exec-6] INFO  c.s.k.controller.ReminderController -
				getAllReminders : STARTED
2019-08-13 16:40:38 [http-nio-8085-exec-6] INFO  c.s.keepnote.aspectj.LoggingAspect -
				************Reminder Aspect @After ************
2019-08-13 16:40:38 [http-nio-8085-exec-6] DEBUG c.s.keepnote.aspectj.LoggingAspect -
				Method Name : getAllReminders
2019-08-13 16:40:38 [http-nio-8085-exec-6] DEBUG c.s.keepnote.aspectj.LoggingAspect -
				Method Args : [svnspradeepkumar@gmail.com]
2019-08-13 16:40:38 [http-nio-8085-exec-6] INFO  c.s.keepnote.aspectj.LoggingAspect -
				*********************************
2019-08-13 16:40:38 [http-nio-8085-exec-6] INFO  c.s.keepnote.aspectj.LoggingAspect -
				************Reminder Aspect @AfterReturning ************
2019-08-13 16:40:38 [http-nio-8085-exec-6] DEBUG c.s.keepnote.aspectj.LoggingAspect -
				Method Name : getAllReminders
2019-08-13 16:40:38 [http-nio-8085-exec-6] DEBUG c.s.keepnote.aspectj.LoggingAspect -
				Method arguments : [svnspradeepkumar@gmail.com]
2019-08-13 16:40:38 [http-nio-8085-exec-6] DEBUG c.s.keepnote.aspectj.LoggingAspect -
				Return Value: <200 OK,[Reminder{reminderId='1114168.3049749497', reminderName='tomorrow', reminderDescription='remind me', reminderType='urgent', reminderCreatedBy='svnspradeepkumar@gmail.com', reminderCreationDate=Tue Aug 13 16:38:39 IST 2019}],{}>
2019-08-13 16:40:38 [http-nio-8085-exec-6] INFO  c.s.keepnote.aspectj.LoggingAspect -
				*****************************************
2019-08-13 16:43:24 [RMI TCP Connection(51)-127.0.0.1] INFO  o.s.b.a.SpringApplicationAdminMXBeanRegistrar$SpringApplicationAdmin -
				Application shutdown requested.
2019-08-13 16:43:24 [RMI TCP Connection(51)-127.0.0.1] INFO  o.s.b.w.s.c.AnnotationConfigServletWebServerApplicationContext -
				Closing org.springframework.boot.web.servlet.context.AnnotationConfigServletWebServerApplicationContext@5c33f1a9: startup date [Tue Aug 13 16:02:05 IST 2019]; root of context hierarchy
2019-08-13 16:43:25 [RMI TCP Connection(51)-127.0.0.1] INFO  o.s.c.s.DefaultLifecycleProcessor -
				Stopping beans in phase 2147483647
2019-08-13 16:43:25 [RMI TCP Connection(51)-127.0.0.1] INFO  o.s.j.e.a.AnnotationMBeanExporter -
				Unregistering JMX-exposed beans on shutdown
2019-08-13 16:43:25 [RMI TCP Connection(51)-127.0.0.1] INFO  org.mongodb.driver.connection -
				Closed connection [connectionId{localValue:5, serverValue:97}] to localhost:27017 because the pool has been closed.
2019-08-13 16:43:25 [RMI TCP Connection(51)-127.0.0.1] INFO  org.mongodb.driver.connection -
				Closed connection [connectionId{localValue:2, serverValue:98}] to localhost:27017 because the pool has been closed.
2019-08-13 16:43:25 [RMI TCP Connection(51)-127.0.0.1] INFO  org.mongodb.driver.connection -
				Closed connection [connectionId{localValue:3, serverValue:99}] to localhost:27017 because the pool has been closed.
2019-08-13 16:43:25 [RMI TCP Connection(51)-127.0.0.1] INFO  org.mongodb.driver.connection -
				Closed connection [connectionId{localValue:7, serverValue:100}] to localhost:27017 because the pool has been closed.
2019-08-13 16:43:25 [RMI TCP Connection(51)-127.0.0.1] INFO  org.mongodb.driver.connection -
				Closed connection [connectionId{localValue:6, serverValue:101}] to localhost:27017 because the pool has been closed.
2019-08-13 16:43:25 [RMI TCP Connection(51)-127.0.0.1] INFO  org.mongodb.driver.connection -
				Closed connection [connectionId{localValue:4, serverValue:102}] to localhost:27017 because the pool has been closed.
