2019-08-14 12:27:33 [main] INFO  c.s.keepnote.NoteServiceApplication -
				Starting NoteServiceApplication on PC453270 with PID 3268 (C:\Users\746983\Desktop\Keepnote\keepnote-step7-ui-api-integration\KeepNote-Step7-API\NoteService\target\classes started by 746983 in C:\Users\746983\Desktop\Keepnote\keepnote-step7-ui-api-integration\KeepNote-Step7-API\NoteService)
2019-08-14 12:27:33 [main] DEBUG c.s.keepnote.NoteServiceApplication -
				Running with Spring Boot v2.1.0.RELEASE, Spring v5.1.2.RELEASE
2019-08-14 12:27:33 [main] INFO  c.s.keepnote.NoteServiceApplication -
				No active profile set, falling back to default profiles: default
2019-08-14 12:27:36 [main] INFO  o.s.d.r.c.RepositoryConfigurationDelegate -
				Bootstrapping Spring Data repositories in DEFAULT mode.
2019-08-14 12:27:37 [main] INFO  o.s.d.r.c.RepositoryConfigurationDelegate -
				Finished Spring Data repository scanning in 239ms. Found 1 repository interfaces.
2019-08-14 12:27:41 [main] INFO  o.s.b.w.e.tomcat.TomcatWebServer -
				Tomcat initialized with port(s): 8082 (http)
2019-08-14 12:27:41 [main] INFO  o.a.coyote.http11.Http11NioProtocol -
				Initializing ProtocolHandler ["http-nio-8082"]
2019-08-14 12:27:41 [main] INFO  o.a.catalina.core.StandardService -
				Starting service [Tomcat]
2019-08-14 12:27:41 [main] INFO  o.a.catalina.core.StandardEngine -
				Starting Servlet Engine: Apache Tomcat/9.0.12
2019-08-14 12:27:41 [main] INFO  o.a.c.core.AprLifecycleListener -
				The APR based Apache Tomcat Native library which allows optimal performance in production environments was not found on the java.library.path: [C:\Program Files\Java\jre1.8.0_112\bin;C:\WINDOWS\Sun\Java\bin;C:\WINDOWS\system32;C:\WINDOWS;C:/Program Files/Java/jre1.8.0_112/bin/server;C:/Program Files/Java/jre1.8.0_112/bin;C:/Program Files/Java/jre1.8.0_112/lib/amd64;C:\ProgramData\DockerDesktop\version-bin;C:\Program Files\Docker\Docker\Resources\bin;C:\ProgramData\Oracle\Java\javapath;C:\WINDOWS\system32;C:\WINDOWS;C:\WINDOWS\System32\Wbem;C:\WINDOWS\System32\WindowsPowerShell\v1.0\;C:\Program Files\nodejs\;C:\Users\746983\AppData\Local\Microsoft\WindowsApps;C:\Users\746983\AppData\Local\Programs\Git\cmd;C:\Users\746983\AppData\Local\Programs\Microsoft VS Code\bin;C:\Users\746983\Desktop\spring-tool-suite-3.9.7.RELEASE-e4.10.0-win32-x86_64\sts-bundle\sts-3.9.7.RELEASE;;.]
2019-08-14 12:27:41 [main] INFO  o.a.c.c.C.[Tomcat].[localhost].[/] -
				Initializing Spring embedded WebApplicationContext
2019-08-14 12:27:41 [main] INFO  o.s.web.context.ContextLoader -
				Root WebApplicationContext: initialization completed in 8240 ms
2019-08-14 12:27:41 [main] INFO  o.s.b.w.s.FilterRegistrationBean -
				Mapping filter: 'characterEncodingFilter' to: [/*]
2019-08-14 12:27:41 [main] INFO  o.s.b.w.s.FilterRegistrationBean -
				Mapping filter: 'hiddenHttpMethodFilter' to: [/*]
2019-08-14 12:27:41 [main] INFO  o.s.b.w.s.FilterRegistrationBean -
				Mapping filter: 'formContentFilter' to: [/*]
2019-08-14 12:27:41 [main] INFO  o.s.b.w.s.FilterRegistrationBean -
				Mapping filter: 'requestContextFilter' to: [/*]
2019-08-14 12:27:41 [main] INFO  o.s.b.w.s.FilterRegistrationBean -
				Mapping filter: 'jwtFilter' to urls: [/api/v1/*]
2019-08-14 12:27:41 [main] INFO  o.s.b.w.s.ServletRegistrationBean -
				Servlet dispatcherServlet mapped to [/]
2019-08-14 12:27:41 [main] DEBUG c.s.keepnote.jwtfilter.JwtFilter -
				Filter 'jwtFilter' configured for use
2019-08-14 12:27:44 [main] INFO  org.mongodb.driver.cluster -
				Cluster created with settings {hosts=[localhost:27017], mode=MULTIPLE, requiredClusterType=UNKNOWN, serverSelectionTimeout='30000 ms', maxWaitQueueSize=500}
2019-08-14 12:27:44 [main] INFO  org.mongodb.driver.cluster -
				Adding discovered server localhost:27017 to client view of cluster
2019-08-14 12:27:45 [cluster-ClusterId{value='5d53b0e86988b70cc47d3c6c', description='null'}-localhost:27017] INFO  org.mongodb.driver.connection -
				Opened connection [connectionId{localValue:1, serverValue:10}] to localhost:27017
2019-08-14 12:27:45 [cluster-ClusterId{value='5d53b0e86988b70cc47d3c6c', description='null'}-localhost:27017] INFO  org.mongodb.driver.cluster -
				Monitor thread successfully connected to server with description ServerDescription{address=localhost:27017, type=STANDALONE, state=CONNECTED, ok=true, version=ServerVersion{versionList=[4, 0, 12]}, minWireVersion=0, maxWireVersion=7, maxDocumentSize=16777216, logicalSessionTimeoutMinutes=30, roundTripTimeNanos=4623342}
2019-08-14 12:27:45 [cluster-ClusterId{value='5d53b0e86988b70cc47d3c6c', description='null'}-localhost:27017] INFO  org.mongodb.driver.cluster -
				Discovered cluster type of STANDALONE
2019-08-14 12:27:47 [main] INFO  s.d.s.w.PropertySourcedRequestMappingHandlerMapping -
				Mapped URL path [/v2/api-docs] onto method [public org.springframework.http.ResponseEntity<springfox.documentation.spring.web.json.Json> springfox.documentation.swagger2.web.Swagger2Controller.getDocumentation(java.lang.String,javax.servlet.http.HttpServletRequest)]
2019-08-14 12:27:47 [main] INFO  o.s.s.c.ThreadPoolTaskExecutor -
				Initializing ExecutorService 'applicationTaskExecutor'
2019-08-14 12:27:47 [main] INFO  s.d.s.w.p.DocumentationPluginsBootstrapper -
				Context refreshed
2019-08-14 12:27:47 [main] INFO  s.d.s.w.p.DocumentationPluginsBootstrapper -
				Found 1 custom documentation plugin(s)
2019-08-14 12:27:48 [main] INFO  s.d.s.w.s.ApiListingReferenceScanner -
				Scanning for api listing references
2019-08-14 12:27:48 [main] INFO  o.a.coyote.http11.Http11NioProtocol -
				Starting ProtocolHandler ["http-nio-8082"]
2019-08-14 12:27:48 [main] INFO  o.a.tomcat.util.net.NioSelectorPool -
				Using a shared selector for servlet write/read
2019-08-14 12:27:48 [main] INFO  o.s.b.w.e.tomcat.TomcatWebServer -
				Tomcat started on port(s): 8082 (http) with context path ''
2019-08-14 12:27:48 [main] INFO  c.s.keepnote.NoteServiceApplication -
				Started NoteServiceApplication in 19.089 seconds (JVM running for 32.786)
2019-08-14 12:32:40 [http-nio-8082-exec-1] INFO  o.a.c.c.C.[Tomcat].[localhost].[/] -
				Initializing Spring DispatcherServlet 'dispatcherServlet'
2019-08-14 12:32:40 [http-nio-8082-exec-1] INFO  o.s.web.servlet.DispatcherServlet -
				Initializing Servlet 'dispatcherServlet'
2019-08-14 12:32:40 [http-nio-8082-exec-1] INFO  o.s.web.servlet.DispatcherServlet -
				Completed initialization in 68 ms
2019-08-14 12:32:41 [http-nio-8082-exec-1] INFO  c.s.keepnote.aspectj.LoggingAspect -
				************Note Aspect @Before ************
2019-08-14 12:32:41 [http-nio-8082-exec-1] DEBUG c.s.keepnote.aspectj.LoggingAspect -
				Method Name : getAllNoteByUserId
2019-08-14 12:32:41 [http-nio-8082-exec-1] DEBUG c.s.keepnote.aspectj.LoggingAspect -
				Method Args : [svnspradeepkumar@gmail.com]
2019-08-14 12:32:41 [http-nio-8082-exec-1] INFO  c.s.keepnote.aspectj.LoggingAspect -
				*********************************
2019-08-14 12:32:41 [http-nio-8082-exec-1] INFO  c.s.k.controller.NoteController -
				getAllNoteByUserId : STARTED 
2019-08-14 12:32:41 [http-nio-8082-exec-1] INFO  org.mongodb.driver.connection -
				Opened connection [connectionId{localValue:2, serverValue:20}] to localhost:27017
2019-08-14 12:32:42 [http-nio-8082-exec-1] INFO  c.s.keepnote.aspectj.LoggingAspect -
				************Note Aspect @After ************
2019-08-14 12:32:42 [http-nio-8082-exec-1] DEBUG c.s.keepnote.aspectj.LoggingAspect -
				Method Name : getAllNoteByUserId
2019-08-14 12:32:42 [http-nio-8082-exec-1] DEBUG c.s.keepnote.aspectj.LoggingAspect -
				Method Args : [svnspradeepkumar@gmail.com]
2019-08-14 12:32:42 [http-nio-8082-exec-1] INFO  c.s.keepnote.aspectj.LoggingAspect -
				*********************************
2019-08-14 12:32:42 [http-nio-8082-exec-1] INFO  c.s.keepnote.aspectj.LoggingAspect -
				************Note Aspect @AfterReturning ************
2019-08-14 12:32:42 [http-nio-8082-exec-1] DEBUG c.s.keepnote.aspectj.LoggingAspect -
				Method Name : getAllNoteByUserId
2019-08-14 12:32:42 [http-nio-8082-exec-1] DEBUG c.s.keepnote.aspectj.LoggingAspect -
				Method arguments : [svnspradeepkumar@gmail.com]
2019-08-14 12:32:42 [http-nio-8082-exec-1] DEBUG c.s.keepnote.aspectj.LoggingAspect -
				Return Value: <200 OK OK,[Note{id=1751643, noteTitle='Mobile', noteDescription='enjoy my mobile', noteStatus='null', noteCreationDate=Tue Aug 13 16:37:24 IST 2019, noteCreatedBy='svnspradeepkumar@gmail.com', category=null, reminders=[Reminder{reminderId='1114168.3049749497', reminderName='tomorrow', reminderDescription='remind me', reminderType='urgent', reminderCreatedBy='svnspradeepkumar@gmail.com', reminderCreationDate=Tue Aug 13 16:38:39 IST 2019}]}],{}>
2019-08-14 12:32:42 [http-nio-8082-exec-1] INFO  c.s.keepnote.aspectj.LoggingAspect -
				*****************************************
2019-08-14 12:57:09 [RMI TCP Connection(42)-127.0.0.1] INFO  o.s.b.a.SpringApplicationAdminMXBeanRegistrar$SpringApplicationAdmin -
				Application shutdown requested.
2019-08-14 12:57:09 [RMI TCP Connection(42)-127.0.0.1] INFO  o.s.s.c.ThreadPoolTaskExecutor -
				Shutting down ExecutorService 'applicationTaskExecutor'
2019-08-14 12:57:10 [RMI TCP Connection(42)-127.0.0.1] INFO  org.mongodb.driver.connection -
				Closed connection [connectionId{localValue:2, serverValue:20}] to localhost:27017 because the pool has been closed.
